2025-04-16 16:17:29 [TestNG-PoolService-3] INFO  org.apache.logging.log4j.LogManager - Clicked on 'Books' category.
2025-04-16 16:17:29 [TestNG-PoolService-5] INFO  org.apache.logging.log4j.LogManager - Clicked on 'Books' category.
2025-04-16 16:17:29 [TestNG-PoolService-3] INFO  org.apache.logging.log4j.LogManager - List of available books:
2025-04-16 16:17:29 [TestNG-PoolService-3] INFO  org.apache.logging.log4j.LogManager - - Computing and Internet
30.00
10.00
2025-04-16 16:17:29 [TestNG-PoolService-3] INFO  org.apache.logging.log4j.LogManager - - Copy of Computing and Internet EX
30.00
10.00
2025-04-16 16:17:29 [TestNG-PoolService-3] INFO  org.apache.logging.log4j.LogManager - - Fiction
35.00
24.00
2025-04-16 16:17:29 [TestNG-PoolService-3] INFO  org.apache.logging.log4j.LogManager - - Fiction EX
35.00
24.00
2025-04-16 16:17:29 [TestNG-PoolService-3] INFO  org.apache.logging.log4j.LogManager - - Health Book
27.00
10.00
2025-04-16 16:17:29 [TestNG-PoolService-3] INFO  org.apache.logging.log4j.LogManager - - Science
67.00
51.00
2025-04-16 16:17:30 [TestNG-PoolService-5] INFO  org.apache.logging.log4j.LogManager - Applied 'Sort By' filter: Price: High to Low
2025-04-16 16:17:31 [TestNG-PoolService-10] INFO  org.apache.logging.log4j.LogManager - Logged in with credentials: abcggggg123@Gmail.com / Divraj@1234
2025-04-16 16:17:32 [TestNG-PoolService-5] INFO  org.apache.logging.log4j.LogManager - Applied 'Display By' filter: 4
2025-04-16 16:17:33 [TestNG-PoolService-2] INFO  org.apache.logging.log4j.LogManager - Clicked on 'Login' link.
2025-04-16 16:17:33 [TestNG-PoolService-10] INFO  org.apache.logging.log4j.LogManager - Searched for product: laptop
2025-04-16 16:17:33 [TestNG-PoolService-5] INFO  org.apache.logging.log4j.LogManager - Applied 'View As' filter: List
2025-04-16 16:17:34 [TestNG-PoolService-7] INFO  org.apache.logging.log4j.LogManager - Clicked on 'Books' category.
2025-04-16 16:17:34 [TestNG-PoolService-2] INFO  org.apache.logging.log4j.LogManager - Entered email: abccy@gmail.com
2025-04-16 16:17:34 [TestNG-PoolService-2] INFO  org.apache.logging.log4j.LogManager - Entered password: 789456
2025-04-16 16:17:35 [TestNG-PoolService-4] INFO  org.apache.logging.log4j.LogManager - Clicked on 'Books' category.
2025-04-16 16:17:37 [TestNG-PoolService-7] INFO  org.apache.logging.log4j.LogManager - Clicked on 'Computing & Internet' book.
2025-04-16 16:17:37 [TestNG-PoolService-8] INFO  org.apache.logging.log4j.LogManager - Logged in with credentials: abcggggg123@Gmail.com / Divraj@1234
2025-04-16 16:17:37 [TestNG-PoolService-9] INFO  org.apache.logging.log4j.LogManager - Logged in with credentials: abcggggg123@Gmail.com / Divraj@1234
2025-04-16 16:17:38 [TestNG-PoolService-6] INFO  org.apache.logging.log4j.LogManager - Clicked on 'Books' category.
2025-04-16 16:17:38 [TestNG-PoolService-6] INFO  org.apache.logging.log4j.LogManager - Applying sort filters: Position
2025-04-16 16:17:40 [TestNG-PoolService-4] INFO  org.apache.logging.log4j.LogManager - Clicked on 'Fiction' book.
2025-04-16 16:17:40 [TestNG-PoolService-6] INFO  org.apache.logging.log4j.LogManager - Applying sort filters: Name: A to Z
2025-04-16 16:17:40 [TestNG-PoolService-7] INFO  org.apache.logging.log4j.LogManager - Added book to compare list.
2025-04-16 16:17:40 [TestNG-PoolService-4] INFO  org.apache.logging.log4j.LogManager - Book description: Fiction EX
Bestselling fiction
Availability: In stock
395 review(s) | Add your review
Old price: 35.00
Price: 24.00
Qty:
2025-04-16 16:17:40 [TestNG-PoolService-10] INFO  org.apache.logging.log4j.LogManager - Added item to cart and clicked cart link.
2025-04-16 16:17:41 [TestNG-PoolService-10] INFO  org.apache.logging.log4j.LogManager - Clicked the terms of service checkbox.
2025-04-16 16:17:41 [TestNG-PoolService-2] INFO  org.apache.logging.log4j.LogManager - Clicked on 'Login' button.
2025-04-16 16:17:41 [TestNG-PoolService-1] INFO  org.apache.logging.log4j.LogManager - Clicked on 'Login' link.
2025-04-16 16:17:41 [TestNG-PoolService-7] INFO  org.apache.logging.log4j.LogManager - Clicked on 'Books' category.
2025-04-16 16:17:42 [TestNG-PoolService-1] INFO  org.apache.logging.log4j.LogManager - Entered email: abccy@gmail.com
2025-04-16 16:17:42 [TestNG-PoolService-1] INFO  org.apache.logging.log4j.LogManager - Entered password: 789456
2025-04-16 16:17:42 [TestNG-PoolService-6] INFO  org.apache.logging.log4j.LogManager - Applying sort filters: Name: Z to A
2025-04-16 16:17:43 [TestNG-PoolService-2] INFO  org.apache.logging.log4j.LogManager - Clicked on 'My Email' link.
2025-04-16 16:17:43 [TestNG-PoolService-7] INFO  org.apache.logging.log4j.LogManager - Clicked on 'Health' book.
2025-04-16 16:17:43 [TestNG-PoolService-1] INFO  org.apache.logging.log4j.LogManager - Clicked on 'Login' button.
2025-04-16 16:17:44 [TestNG-PoolService-10] INFO  org.apache.logging.log4j.LogManager - Clicked on checkout button.
2025-04-16 16:17:44 [TestNG-PoolService-10] INFO  org.apache.logging.log4j.LogManager - Billing Address
2025-04-16 16:17:44 [TestNG-PoolService-10] INFO  org.apache.logging.log4j.LogManager - Shipping Address
2025-04-16 16:17:44 [TestNG-PoolService-10] INFO  org.apache.logging.log4j.LogManager - Shipping Method
2025-04-16 16:17:44 [TestNG-PoolService-10] INFO  org.apache.logging.log4j.LogManager - Payment Method
2025-04-16 16:17:44 [TestNG-PoolService-10] INFO  org.apache.logging.log4j.LogManager - Payment Information
2025-04-16 16:17:44 [TestNG-PoolService-10] INFO  org.apache.logging.log4j.LogManager - Confirm Order
2025-04-16 16:17:44 [TestNG-PoolService-6] INFO  org.apache.logging.log4j.LogManager - Applying sort filters: Price: Low to High
2025-04-16 16:17:44 [TestNG-PoolService-1] INFO  org.apache.logging.log4j.LogManager - Clicked on 'My Email' link.
2025-04-16 16:17:44 [TestNG-PoolService-7] INFO  org.apache.logging.log4j.LogManager - Added book to compare list.
2025-04-16 16:17:44 [TestNG-PoolService-7] INFO  org.apache.logging.log4j.LogManager - Book Names:
2025-04-16 16:17:44 [TestNG-PoolService-7] INFO  org.apache.logging.log4j.LogManager -  
2025-04-16 16:17:45 [TestNG-PoolService-7] INFO  org.apache.logging.log4j.LogManager - Health Book
2025-04-16 16:17:45 [TestNG-PoolService-7] INFO  org.apache.logging.log4j.LogManager - Copy of Computing and Internet EX
2025-04-16 16:17:45 [TestNG-PoolService-7] INFO  org.apache.logging.log4j.LogManager - Prices:
2025-04-16 16:17:45 [TestNG-PoolService-7] INFO  org.apache.logging.log4j.LogManager - Price
2025-04-16 16:17:45 [TestNG-PoolService-7] INFO  org.apache.logging.log4j.LogManager - 10.00
2025-04-16 16:17:45 [TestNG-PoolService-7] INFO  org.apache.logging.log4j.LogManager - 10.00
2025-04-16 16:17:45 [TestNG-PoolService-1] INFO  org.apache.logging.log4j.LogManager - Clicked on 'My Email' link.
2025-04-16 16:17:46 [TestNG-PoolService-7] INFO  org.apache.logging.log4j.LogManager - Cleared compare list.
2025-04-16 16:17:46 [TestNG-PoolService-7] INFO  org.apache.logging.log4j.LogManager - Verify cleared list: You have no items to compare.
2025-04-16 16:17:46 [TestNG-PoolService-6] INFO  org.apache.logging.log4j.LogManager - Applying sort filters: Price: High to Low
2025-04-16 16:17:49 [TestNG-PoolService-6] INFO  org.apache.logging.log4j.LogManager - Selected 'Sort By' option: Price: High to Low
2025-04-16 16:17:50 [TestNG-PoolService-3] INFO  org.apache.logging.log4j.LogManager - Logged in with credentials: abcggggg123@Gmail.com / Divraj@1234
2025-04-16 16:17:51 [TestNG-PoolService-3] INFO  org.apache.logging.log4j.LogManager - Searched for product: laptop
2025-04-16 16:17:51 [TestNG-PoolService-2] INFO  org.apache.logging.log4j.LogManager - Clicked on 'Addresses' link.
2025-04-16 16:17:51 [TestNG-PoolService-2] INFO  org.apache.logging.log4j.LogManager - Clicked on 'Delete Address' button.
2025-04-16 16:17:51 [TestNG-PoolService-2] INFO  org.apache.logging.log4j.LogManager - Alert handled successfully.
2025-04-16 16:17:53 [TestNG-PoolService-5] ERROR org.apache.logging.log4j.LogManager - Price filter not found: Under 25.00
2025-04-16 16:17:54 [TestNG-PoolService-5] INFO  org.apache.logging.log4j.LogManager - Filtered books list: Science
A guide to elementary science
67.00
51.00
Fiction
Bestselling fiction
35.00
24.00
Fiction EX
Bestselling fiction
35.00
24.00
Copy of Computing and Internet EX
More Than 100 tips about computing and internet.
30.00
10.00
2025-04-16 16:17:55 [TestNG-PoolService-3] INFO  org.apache.logging.log4j.LogManager - Added item to cart and clicked cart link.
2025-04-16 16:17:56 [TestNG-PoolService-1] INFO  org.apache.logging.log4j.LogManager - Clicked on 'Addresses' link and then 'Add New' button.
2025-04-16 16:17:57 [TestNG-PoolService-3] INFO  org.apache.logging.log4j.LogManager - Clicked the terms of service checkbox.
2025-04-16 16:17:58 [TestNG-PoolService-3] INFO  org.apache.logging.log4j.LogManager - Clicked on checkout button.
2025-04-16 16:17:58 [TestNG-PoolService-8] INFO  org.apache.logging.log4j.LogManager - Logged in with credentials: abcggggg123@Gmail.com / Divraj@1234
2025-04-16 16:17:58 [TestNG-PoolService-1] DEBUG org.apache.poi.openxml4j.opc.PackageRelationshipCollection - Parsing relationship: /xl/_rels/workbook.xml.rels
2025-04-16 16:17:58 [TestNG-PoolService-1] DEBUG org.apache.poi.openxml4j.opc.PackageRelationshipCollection - Parsing relationship: /_rels/.rels
2025-04-16 16:17:58 [TestNG-PoolService-4] INFO  org.apache.logging.log4j.LogManager - Logged in with credentials: abcggggg123@Gmail.com / Divraj@1234
2025-04-16 16:17:59 [TestNG-PoolService-4] INFO  org.apache.logging.log4j.LogManager - Searched for product: laptop
2025-04-16 16:18:00 [TestNG-PoolService-3] INFO  org.apache.logging.log4j.LogManager - Selected address option.
2025-04-16 16:18:00 [TestNG-PoolService-7] INFO  org.apache.logging.log4j.LogManager - Logged in with credentials: abcggggg123@Gmail.com / Divraj@1234
2025-04-16 16:18:00 [TestNG-PoolService-3] INFO  org.apache.logging.log4j.LogManager - Clicked on billing continue button.
2025-04-16 16:18:01 [TestNG-PoolService-1] INFO  org.apache.logging.log4j.LogManager - Address form filled successfully with data: yuvaraj, r, yuvarajr@example.com
2025-04-16 16:18:01 [TestNG-PoolService-1] INFO  org.apache.logging.log4j.LogManager - Clicked on 'Save' button.
2025-04-16 16:18:01 [TestNG-PoolService-3] INFO  org.apache.logging.log4j.LogManager - Clicked on store pickup box.
2025-04-16 16:18:01 [TestNG-PoolService-7] INFO  org.apache.logging.log4j.LogManager - Searched for product: laptop
2025-04-16 16:18:01 [TestNG-PoolService-10] INFO  org.apache.logging.log4j.LogManager - Logged in with credentials: abcggggg123@Gmail.com / Divraj@1234
2025-04-16 16:18:01 [TestNG-PoolService-3] INFO  org.apache.logging.log4j.LogManager - Clicked on shipping continue button.
2025-04-16 16:18:01 [TestNG-PoolService-9] INFO  org.apache.logging.log4j.LogManager - Logged in with credentials: abcggggg123@Gmail.com / Divraj@1234
2025-04-16 16:18:02 [TestNG-PoolService-3] INFO  org.apache.logging.log4j.LogManager - Clicked on payment continue button.
2025-04-16 16:18:03 [TestNG-PoolService-4] INFO  org.apache.logging.log4j.LogManager - Added item to cart and clicked cart link.
2025-04-16 16:18:03 [TestNG-PoolService-9] INFO  org.apache.logging.log4j.LogManager - Searched for product: laptop
2025-04-16 16:18:04 [TestNG-PoolService-3] INFO  org.apache.logging.log4j.LogManager - Clicked on payment info continue button.
2025-04-16 16:18:04 [TestNG-PoolService-4] INFO  org.apache.logging.log4j.LogManager - Clicked the terms of service checkbox.
2025-04-16 16:18:04 [TestNG-PoolService-6] INFO  org.apache.logging.log4j.LogManager - Entered email for newsletter subscription: sakthi@gmail.com
2025-04-16 16:18:04 [TestNG-PoolService-6] INFO  org.apache.logging.log4j.LogManager - Clicked on 'Subscribe' button for newsletter.
2025-04-16 16:18:05 [TestNG-PoolService-6] INFO  org.apache.logging.log4j.LogManager - Subscription message: 
2025-04-16 16:18:05 [TestNG-PoolService-7] INFO  org.apache.logging.log4j.LogManager - Added item to cart and clicked cart link.
2025-04-16 16:18:05 [TestNG-PoolService-9] INFO  org.apache.logging.log4j.LogManager - Added item to cart and clicked cart link.
2025-04-16 16:18:05 [TestNG-PoolService-7] INFO  org.apache.logging.log4j.LogManager - Clicked the terms of service checkbox.
2025-04-16 16:18:05 [TestNG-PoolService-7] INFO  org.apache.logging.log4j.LogManager - Clicked on checkout button.
2025-04-16 16:18:05 [TestNG-PoolService-9] INFO  org.apache.logging.log4j.LogManager - Clicked the terms of service checkbox.
2025-04-16 16:18:06 [TestNG-PoolService-4] INFO  org.apache.logging.log4j.LogManager - Clicked on checkout button.
2025-04-16 16:18:06 [TestNG-PoolService-4] INFO  org.apache.logging.log4j.LogManager - Selected address option.
2025-04-16 16:18:07 [TestNG-PoolService-2] INFO  org.apache.logging.log4j.LogManager - Entered email for newsletter subscription: sakthi
2025-04-16 16:18:07 [TestNG-PoolService-4] INFO  org.apache.logging.log4j.LogManager - Clicked on billing continue button.
2025-04-16 16:18:07 [TestNG-PoolService-9] INFO  org.apache.logging.log4j.LogManager - Clicked on checkout button.
2025-04-16 16:18:07 [TestNG-PoolService-7] INFO  org.apache.logging.log4j.LogManager - Selected address option.
2025-04-16 16:18:08 [TestNG-PoolService-9] INFO  org.apache.logging.log4j.LogManager - Selected address option.
2025-04-16 16:18:08 [TestNG-PoolService-4] INFO  org.apache.logging.log4j.LogManager - Clicked on shipping continue button.
2025-04-16 16:18:08 [TestNG-PoolService-2] INFO  org.apache.logging.log4j.LogManager - Clicked on 'Subscribe' button for newsletter.
2025-04-16 16:18:08 [TestNG-PoolService-4] INFO  org.apache.logging.log4j.LogManager - Selected one-day pickup option.
2025-04-16 16:18:08 [TestNG-PoolService-4] INFO  org.apache.logging.log4j.LogManager - Clicked on payment continue button in one-day pickup.
2025-04-16 16:18:08 [TestNG-PoolService-7] INFO  org.apache.logging.log4j.LogManager - Clicked on billing continue button.
2025-04-16 16:18:08 [TestNG-PoolService-9] INFO  org.apache.logging.log4j.LogManager - Clicked on billing continue button.
2025-04-16 16:18:09 [TestNG-PoolService-7] INFO  org.apache.logging.log4j.LogManager - Clicked on shipping continue button.
2025-04-16 16:18:09 [TestNG-PoolService-4] INFO  org.apache.logging.log4j.LogManager - Clicked on payment continue button.
2025-04-16 16:18:09 [TestNG-PoolService-9] INFO  org.apache.logging.log4j.LogManager - Clicked on store pickup box.
2025-04-16 16:18:09 [TestNG-PoolService-2] INFO  org.apache.logging.log4j.LogManager - Invalid subscription message: Enter valid email
2025-04-16 16:18:09 [TestNG-PoolService-9] INFO  org.apache.logging.log4j.LogManager - Clicked on shipping continue button.
2025-04-16 16:18:09 [TestNG-PoolService-7] INFO  org.apache.logging.log4j.LogManager - Selected one-day pickup option.
2025-04-16 16:18:09 [TestNG-PoolService-4] INFO  org.apache.logging.log4j.LogManager - Clicked on payment info continue button.
2025-04-16 16:18:10 [TestNG-PoolService-7] INFO  org.apache.logging.log4j.LogManager - Clicked on back to shipping button.
2025-04-16 16:18:10 [TestNG-PoolService-4] INFO  org.apache.logging.log4j.LogManager - Clicked on confirm checkout button.
2025-04-16 16:18:10 [TestNG-PoolService-7] INFO  org.apache.logging.log4j.LogManager - Clicked on store pickup box.
2025-04-16 16:18:10 [TestNG-PoolService-9] INFO  org.apache.logging.log4j.LogManager - Clicked on credit card checkbox.
2025-04-16 16:18:10 [TestNG-PoolService-9] INFO  org.apache.logging.log4j.LogManager - Clicked on payment continue button.
2025-04-16 16:18:11 [TestNG-PoolService-7] INFO  org.apache.logging.log4j.LogManager - Clicked on shipping continue button.
2025-04-16 16:18:11 [TestNG-PoolService-7] INFO  org.apache.logging.log4j.LogManager - Clicked on payment continue button.
2025-04-16 16:18:12 [TestNG-PoolService-4] INFO  org.apache.logging.log4j.LogManager - Order placed successfully: Your order has been successfully processed!
2025-04-16 16:18:12 [TestNG-PoolService-4] INFO  org.apache.logging.log4j.LogManager - Order placed successfully: Your order has been successfully processed!
2025-04-16 16:18:14 [TestNG-PoolService-10] INFO  org.apache.logging.log4j.LogManager - Featured Products section text: FEATURED PRODUCTS
2025-04-16 16:18:14 [TestNG-PoolService-10] INFO  org.apache.logging.log4j.LogManager - Featured Products:
2025-04-16 16:18:15 [TestNG-PoolService-6] INFO  org.apache.logging.log4j.LogManager - Clicked on 'Login' link.
2025-04-16 16:18:15 [TestNG-PoolService-10] INFO  org.apache.logging.log4j.LogManager - - $25 Virtual Gift Card
25.00
2025-04-16 16:18:15 [TestNG-PoolService-10] INFO  org.apache.logging.log4j.LogManager - - 14.1-inch Laptop
1590.00
2025-04-16 16:18:15 [TestNG-PoolService-10] INFO  org.apache.logging.log4j.LogManager - - Build your own cheap computer
800.00
2025-04-16 16:18:15 [TestNG-PoolService-10] INFO  org.apache.logging.log4j.LogManager - - Build your own computer
1200.00
2025-04-16 16:18:15 [TestNG-PoolService-6] INFO  org.apache.logging.log4j.LogManager - Entered email: abccy@gmail.com
2025-04-16 16:18:15 [TestNG-PoolService-10] INFO  org.apache.logging.log4j.LogManager - - Build your own expensive computer
1800.00
2025-04-16 16:18:15 [TestNG-PoolService-10] INFO  org.apache.logging.log4j.LogManager - - Simple Computer
800.00
2025-04-16 16:18:15 [TestNG-PoolService-6] INFO  org.apache.logging.log4j.LogManager - Entered password: 789456
2025-04-16 16:18:17 [TestNG-PoolService-6] INFO  org.apache.logging.log4j.LogManager - Clicked on 'Login' button.
2025-04-16 16:18:19 [TestNG-PoolService-5] INFO  org.apache.logging.log4j.LogManager - Clicked on 'Login' link.
2025-04-16 16:18:19 [TestNG-PoolService-5] INFO  org.apache.logging.log4j.LogManager - Entered email: 
2025-04-16 16:18:19 [TestNG-PoolService-8] INFO  org.apache.logging.log4j.LogManager - Selected 'Excellent' voting option.
2025-04-16 16:18:19 [TestNG-PoolService-5] INFO  org.apache.logging.log4j.LogManager - Entered password: 789456
2025-04-16 16:18:20 [TestNG-PoolService-8] INFO  org.apache.logging.log4j.LogManager - Clicked on 'Vote' button.
2025-04-16 16:18:21 [TestNG-PoolService-8] INFO  org.apache.logging.log4j.LogManager - Poll error message: Only registered users can vote.
2025-04-16 16:18:21 [TestNG-PoolService-5] INFO  org.apache.logging.log4j.LogManager - Clicked on 'Login' button.
2025-04-16 16:18:24 [TestNG-PoolService-1] INFO  org.apache.logging.log4j.LogManager - Clicked on 'Login' link.
2025-04-16 16:18:24 [TestNG-PoolService-2] INFO  org.apache.logging.log4j.LogManager - Clicked on 'Login' link.
2025-04-16 16:18:25 [TestNG-PoolService-7] INFO  org.apache.logging.log4j.LogManager - Clicked on 'Login' link.
2025-04-16 16:18:25 [TestNG-PoolService-2] INFO  org.apache.logging.log4j.LogManager - Entered email: abccy@gmail.com
2025-04-16 16:18:25 [TestNG-PoolService-1] INFO  org.apache.logging.log4j.LogManager - Entered email: abccy@gmail.com
2025-04-16 16:18:25 [TestNG-PoolService-2] INFO  org.apache.logging.log4j.LogManager - Entered password: 
2025-04-16 16:18:26 [TestNG-PoolService-1] INFO  org.apache.logging.log4j.LogManager - Entered password: testuser1
2025-04-16 16:18:26 [TestNG-PoolService-7] INFO  org.apache.logging.log4j.LogManager - Clicked on 'Forgot password?' link.
2025-04-16 16:18:27 [TestNG-PoolService-2] INFO  org.apache.logging.log4j.LogManager - Clicked on 'Login' button.
2025-04-16 16:18:27 [TestNG-PoolService-7] INFO  org.apache.logging.log4j.LogManager - Entered email: abccy@gmail.com
2025-04-16 16:18:27 [TestNG-PoolService-1] INFO  org.apache.logging.log4j.LogManager - Clicked on 'Login' button.
2025-04-16 16:18:28 [TestNG-PoolService-7] INFO  org.apache.logging.log4j.LogManager - Clicked on 'Recover' button.
2025-04-16 16:18:30 [TestNG-PoolService-3] INFO  org.apache.logging.log4j.LogManager - Clicked on 'Login' link.
2025-04-16 16:18:30 [TestNG-PoolService-9] INFO  org.apache.logging.log4j.LogManager - Clicked on 'Login' link.
2025-04-16 16:18:31 [TestNG-PoolService-9] INFO  org.apache.logging.log4j.LogManager - Entered email: abccy@gmail.com
2025-04-16 16:18:31 [TestNG-PoolService-9] INFO  org.apache.logging.log4j.LogManager - Entered password: 789456
2025-04-16 16:18:31 [TestNG-PoolService-4] INFO  org.apache.logging.log4j.LogManager - Clicked on 'Login' link.
2025-04-16 16:18:31 [TestNG-PoolService-3] INFO  org.apache.logging.log4j.LogManager - Clicked on 'Forgot password?' link.
2025-04-16 16:18:31 [TestNG-PoolService-10] INFO  org.apache.logging.log4j.LogManager - Clicked on 'Login' link.
2025-04-16 16:18:32 [TestNG-PoolService-4] INFO  org.apache.logging.log4j.LogManager - Entered email: abccy@gmail.com
2025-04-16 16:18:32 [TestNG-PoolService-9] INFO  org.apache.logging.log4j.LogManager - Clicked on 'Login' button.
2025-04-16 16:18:32 [TestNG-PoolService-3] INFO  org.apache.logging.log4j.LogManager - Entered email: divvvv@gmail.com
2025-04-16 16:18:33 [TestNG-PoolService-3] INFO  org.apache.logging.log4j.LogManager - Clicked on 'Recover' button.
2025-04-16 16:18:33 [TestNG-PoolService-4] INFO  org.apache.logging.log4j.LogManager - Entered password: 789456
2025-04-16 16:18:33 [TestNG-PoolService-4] INFO  org.apache.logging.log4j.LogManager - Clicked on 'Login' button.
2025-04-16 16:18:33 [TestNG-PoolService-10] INFO  org.apache.logging.log4j.LogManager - Clicked on 'Forgot password?' link.
2025-04-16 16:18:33 [TestNG-PoolService-6] INFO  org.apache.logging.log4j.LogManager - Clicked on 'Login' link.
2025-04-16 16:18:33 [TestNG-PoolService-9] INFO  org.apache.logging.log4j.LogManager - Clicked on 'My Email' link.
2025-04-16 16:18:33 [TestNG-PoolService-5] INFO  org.apache.logging.log4j.LogManager - Clicked on 'Login' link.
2025-04-16 16:18:33 [TestNG-PoolService-10] INFO  org.apache.logging.log4j.LogManager - Entered email: @gmail.com
2025-04-16 16:18:33 [TestNG-PoolService-6] INFO  org.apache.logging.log4j.LogManager - Entered email: abccy@gmail.com
2025-04-16 16:18:34 [TestNG-PoolService-10] INFO  org.apache.logging.log4j.LogManager - Clicked on 'Recover' button.
2025-04-16 16:18:34 [TestNG-PoolService-5] INFO  org.apache.logging.log4j.LogManager - Entered email: abccy@gmail.com
2025-04-16 16:18:34 [TestNG-PoolService-6] INFO  org.apache.logging.log4j.LogManager - Entered password: 789456
2025-04-16 16:18:34 [TestNG-PoolService-5] INFO  org.apache.logging.log4j.LogManager - Entered password: 789456
2025-04-16 16:18:35 [TestNG-PoolService-4] INFO  org.apache.logging.log4j.LogManager - Clicked on 'My Email' link.
2025-04-16 16:18:35 [TestNG-PoolService-9] INFO  org.apache.logging.log4j.LogManager - Clicked on 'Change Password' link.
2025-04-16 16:18:36 [TestNG-PoolService-6] INFO  org.apache.logging.log4j.LogManager - Clicked on 'Login' button.
2025-04-16 16:18:36 [TestNG-PoolService-9] INFO  org.apache.logging.log4j.LogManager - Entered old password.
2025-04-16 16:18:36 [TestNG-PoolService-5] INFO  org.apache.logging.log4j.LogManager - Clicked on 'Login' button.
2025-04-16 16:18:36 [TestNG-PoolService-4] INFO  org.apache.logging.log4j.LogManager - Clicked on 'Change Password' link.
2025-04-16 16:18:36 [TestNG-PoolService-4] INFO  org.apache.logging.log4j.LogManager - Entered old password.
2025-04-16 16:18:36 [TestNG-PoolService-9] INFO  org.apache.logging.log4j.LogManager - Entered new password and confirmation.
2025-04-16 16:18:37 [TestNG-PoolService-5] INFO  org.apache.logging.log4j.LogManager - Clicked on 'My Email' link.
2025-04-16 16:18:37 [TestNG-PoolService-6] INFO  org.apache.logging.log4j.LogManager - Clicked on 'My Email' link.
2025-04-16 16:18:37 [TestNG-PoolService-4] INFO  org.apache.logging.log4j.LogManager - Entered new password and confirmation.
2025-04-16 16:18:37 [TestNG-PoolService-4] INFO  org.apache.logging.log4j.LogManager - Clicked on 'Change Password' button.
2025-04-16 16:18:38 [TestNG-PoolService-6] INFO  org.apache.logging.log4j.LogManager - Clicked on 'Orders' link.
2025-04-16 16:18:38 [TestNG-PoolService-5] INFO  org.apache.logging.log4j.LogManager - Clicked on 'Back In Stock' link.
2025-04-16 16:18:38 [TestNG-PoolService-6] INFO  org.apache.logging.log4j.LogManager - Retrieved order number: Order Number: 1951372
2025-04-16 16:18:38 [TestNG-PoolService-5] INFO  org.apache.logging.log4j.LogManager - Retrieved 'Back In Stock' text: You are not currently subscribed to any Back In Stock notification lists
2025-04-16 16:18:38 [TestNG-PoolService-6] INFO  org.apache.logging.log4j.LogManager - Retrieved order date: Order Date: 4/10/2025 7:56:44 AM
2025-04-16 16:18:38 [TestNG-PoolService-9] INFO  org.apache.logging.log4j.LogManager - Clicked on 'Change Password' button.
2025-04-16 16:18:39 [TestNG-PoolService-8] INFO  org.apache.logging.log4j.LogManager - Clicked on 'Login' link.
2025-04-16 16:18:39 [TestNG-PoolService-6] INFO  org.apache.logging.log4j.LogManager - Clicked on 'Order Details' link.
2025-04-16 16:18:40 [TestNG-PoolService-2] INFO  org.apache.logging.log4j.LogManager - Clicked on 'Login' link.
2025-04-16 16:18:40 [TestNG-PoolService-6] INFO  org.apache.logging.log4j.LogManager - Retrieved product name: 14.1-inch Laptop
2025-04-16 16:18:40 [TestNG-PoolService-8] INFO  org.apache.logging.log4j.LogManager - Entered email: abccy@gmail.com
2025-04-16 16:18:40 [TestNG-PoolService-2] INFO  org.apache.logging.log4j.LogManager - Entered email: abccy@gmail.com
2025-04-16 16:18:40 [TestNG-PoolService-8] INFO  org.apache.logging.log4j.LogManager - Entered password: 789456
2025-04-16 16:18:41 [TestNG-PoolService-2] INFO  org.apache.logging.log4j.LogManager - Entered password: 789456
2025-04-16 16:18:42 [TestNG-PoolService-8] INFO  org.apache.logging.log4j.LogManager - Clicked on 'Login' button.
2025-04-16 16:18:42 [TestNG-PoolService-2] INFO  org.apache.logging.log4j.LogManager - Clicked on 'Login' button.
2025-04-16 16:18:43 [TestNG-PoolService-8] INFO  org.apache.logging.log4j.LogManager - Clicked on 'My Email' link.
2025-04-16 16:18:43 [TestNG-PoolService-2] INFO  org.apache.logging.log4j.LogManager - Clicked on 'My Email' link.
2025-04-16 16:18:44 [TestNG-PoolService-8] INFO  org.apache.logging.log4j.LogManager - Clicked on 'Reward Points' link.
2025-04-16 16:18:44 [TestNG-PoolService-2] INFO  org.apache.logging.log4j.LogManager - Clicked on 'Customer Info' link.
2025-04-16 16:18:44 [TestNG-PoolService-8] INFO  org.apache.logging.log4j.LogManager - Retrieved current reward points: Your current balance is 0 reward points (0.00).
2025-04-16 16:18:44 [TestNG-PoolService-2] INFO  org.apache.logging.log4j.LogManager - Retrieved first name: 
2025-04-16 16:18:44 [TestNG-PoolService-8] INFO  org.apache.logging.log4j.LogManager - Retrieved history reward points: History
There is no balance history yet
2025-04-16 16:18:44 [TestNG-PoolService-2] INFO  org.apache.logging.log4j.LogManager - Retrieved last name: 
2025-04-16 16:18:44 [TestNG-PoolService-2] INFO  org.apache.logging.log4j.LogManager - Retrieved email: 
2025-04-16 16:18:45 [TestNG-PoolService-7] INFO  org.apache.logging.log4j.LogManager - Searched for product: 3rd Album
2025-04-16 16:18:47 [TestNG-PoolService-1] INFO  org.apache.logging.log4j.LogManager - Searched for product: 3rd Album
2025-04-16 16:18:47 [TestNG-PoolService-3] INFO  org.apache.logging.log4j.LogManager - Searched for product: 3rd Album
2025-04-16 16:18:48 [TestNG-PoolService-7] INFO  org.apache.logging.log4j.LogManager - Clicked on 'Add to Cart' button.
2025-04-16 16:18:49 [TestNG-PoolService-1] INFO  org.apache.logging.log4j.LogManager - Retrieved product title: 3rd Album
2025-04-16 16:18:50 [TestNG-PoolService-1] INFO  org.apache.logging.log4j.LogManager - Clicked on 'Add to Cart' button.
2025-04-16 16:18:51 [TestNG-PoolService-7] INFO  org.apache.logging.log4j.LogManager - Clicked on shopping cart link.
2025-04-16 16:18:51 [TestNG-PoolService-7] INFO  org.apache.logging.log4j.LogManager - Product in cart: 3rd Album
2025-04-16 16:18:52 [TestNG-PoolService-5] INFO  org.apache.logging.log4j.LogManager - Searched for product: 3rd Album
2025-04-16 16:18:54 [TestNG-PoolService-3] INFO  org.apache.logging.log4j.LogManager - Added item to wishlist and clicked on wishlist.
2025-04-16 16:18:54 [TestNG-PoolService-3] INFO  org.apache.logging.log4j.LogManager - Wishlist URL for sharing: http://demowebshop.tricentis.com/wishlist/84844722-1f86-4df7-a641-de663ef8b776
2025-04-16 16:18:54 [TestNG-PoolService-7] INFO  org.apache.logging.log4j.LogManager - Updated cart by removing an item.
2025-04-16 16:18:54 [TestNG-PoolService-6] INFO  org.apache.logging.log4j.LogManager - Searched for product: 3rd Album
2025-04-16 16:18:54 [TestNG-PoolService-7] INFO  org.apache.logging.log4j.LogManager - Empty cart message: Your Shopping Cart is empty!
2025-04-16 16:18:55 [TestNG-PoolService-1] INFO  org.apache.logging.log4j.LogManager - Number of products in cart: (1)
2025-04-16 16:18:55 [TestNG-PoolService-4] INFO  org.apache.logging.log4j.LogManager - Searched for product: 3rd Album
2025-04-16 16:18:57 [TestNG-PoolService-10] INFO  org.apache.logging.log4j.LogManager - Searched for product: 3rd Album
2025-04-16 16:18:59 [TestNG-PoolService-3] INFO  org.apache.logging.log4j.LogManager - Current URL: https://demowebshop.tricentis.com/wishlist/84844722-1f86-4df7-a641-de663ef8b776
2025-04-16 16:19:00 [TestNG-PoolService-5] INFO  org.apache.logging.log4j.LogManager - Increased quantity to 10 and added to cart.
2025-04-16 16:19:00 [TestNG-PoolService-4] INFO  org.apache.logging.log4j.LogManager - Logged in with credentials: abcggggg123@Gmail.com / Divraj@1234
2025-04-16 16:19:02 [TestNG-PoolService-2] INFO  org.apache.logging.log4j.LogManager - Entered search text: Mobile
2025-04-16 16:19:02 [TestNG-PoolService-8] INFO  org.apache.logging.log4j.LogManager - Entered search text: Fiction
2025-04-16 16:19:02 [TestNG-PoolService-8] INFO  org.apache.logging.log4j.LogManager - Clicked on 'Search' button.
2025-04-16 16:19:04 [TestNG-PoolService-4] INFO  org.apache.logging.log4j.LogManager - Clicked on 'Email a friend' page.
2025-04-16 16:19:04 [TestNG-PoolService-2] INFO  org.apache.logging.log4j.LogManager - Clicked on 'Search' button.
2025-04-16 16:19:04 [TestNG-PoolService-2] INFO  org.apache.logging.log4j.LogManager - No result message: No products were found that matched your criteria.
2025-04-16 16:19:05 [TestNG-PoolService-8] INFO  org.apache.logging.log4j.LogManager - Search result: Fiction
35.00
24.00
2025-04-16 16:19:05 [TestNG-PoolService-4] INFO  org.apache.logging.log4j.LogManager - Clicked on 'Email a friend' button.
2025-04-16 16:19:05 [TestNG-PoolService-6] INFO  org.apache.logging.log4j.LogManager - Added item to wishlist and clicked on wishlist.
2025-04-16 16:19:06 [TestNG-PoolService-4] INFO  org.apache.logging.log4j.LogManager - Entered friend's email: abcd@gmail.com and your email: abcggggg123@Gmail.com
2025-04-16 16:19:07 [TestNG-PoolService-4] INFO  org.apache.logging.log4j.LogManager - Clicked on 'Send' button for email.
2025-04-16 16:19:07 [TestNG-PoolService-4] INFO  org.apache.logging.log4j.LogManager - Email sent successfully: Your message has been sent.
2025-04-16 16:19:07 [TestNG-PoolService-6] INFO  org.apache.logging.log4j.LogManager - Added item to cart using checkboxes.
2025-04-16 16:19:07 [TestNG-PoolService-6] INFO  org.apache.logging.log4j.LogManager - Product in cart: 3rd Album
2025-04-16 16:19:07 [TestNG-PoolService-9] INFO  org.apache.logging.log4j.LogManager - Searched for product: 3rd Album
2025-04-16 16:19:10 [TestNG-PoolService-7] INFO  org.apache.logging.log4j.LogManager - Entered search text: 
2025-04-16 16:19:11 [TestNG-PoolService-7] INFO  org.apache.logging.log4j.LogManager - Clicked on 'Search' button.
2025-04-16 16:19:13 [TestNG-PoolService-9] INFO  org.apache.logging.log4j.LogManager - Added laptop to cart.
2025-04-16 16:19:13 [TestNG-PoolService-3] INFO  org.apache.logging.log4j.LogManager - Entered search text: Camera
2025-04-16 16:19:15 [TestNG-PoolService-9] INFO  org.apache.logging.log4j.LogManager - Selected country: India and entered pincode: 637505
2025-04-16 16:19:15 [TestNG-PoolService-9] INFO  org.apache.logging.log4j.LogManager - Shipping estimate ways:
2025-04-16 16:19:15 [TestNG-PoolService-9] INFO  org.apache.logging.log4j.LogManager - Ground (0.00)
2025-04-16 16:19:15 [TestNG-PoolService-9] INFO  org.apache.logging.log4j.LogManager - Next Day Air (0.00)
2025-04-16 16:19:15 [TestNG-PoolService-9] INFO  org.apache.logging.log4j.LogManager - 2nd Day Air (0.00)
2025-04-16 16:19:15 [TestNG-PoolService-9] INFO  org.apache.logging.log4j.LogManager - In-Store Pickup (0.00)
2025-04-16 16:19:15 [TestNG-PoolService-3] INFO  org.apache.logging.log4j.LogManager - Clicked on 'Search' button.
2025-04-16 16:19:15 [TestNG-PoolService-1] INFO  org.apache.logging.log4j.LogManager - Entered search text: mo
2025-04-16 16:19:15 [TestNG-PoolService-3] INFO  org.apache.logging.log4j.LogManager - Enabled advanced search.
2025-04-16 16:19:16 [TestNG-PoolService-3] INFO  org.apache.logging.log4j.LogManager - Applied category filter.
2025-04-16 16:19:16 [TestNG-PoolService-3] INFO  org.apache.logging.log4j.LogManager - Applied cell phone category filter.
2025-04-16 16:19:16 [TestNG-PoolService-1] INFO  org.apache.logging.log4j.LogManager - Clicked on 'Search' button.
2025-04-16 16:19:16 [TestNG-PoolService-1] INFO  org.apache.logging.log4j.LogManager - Search warning message: Search term minimum length is 3 characters
2025-04-16 16:19:17 [TestNG-PoolService-3] INFO  org.apache.logging.log4j.LogManager - Entered price range: Min=100, Max=500
2025-04-16 16:19:18 [TestNG-PoolService-10] INFO  org.apache.logging.log4j.LogManager - Entered search text: Camera
2025-04-16 16:19:18 [TestNG-PoolService-10] INFO  org.apache.logging.log4j.LogManager - Clicked on 'Search' button.
2025-04-16 16:19:20 [TestNG-PoolService-5] INFO  org.apache.logging.log4j.LogManager - Updated quantity in wishlist:
2025-04-16 16:19:20 [TestNG-PoolService-10] INFO  org.apache.logging.log4j.LogManager - Enabled advanced search.
2025-04-16 16:19:21 [TestNG-PoolService-10] INFO  org.apache.logging.log4j.LogManager - Applied category filter.
2025-04-16 16:19:21 [TestNG-PoolService-10] INFO  org.apache.logging.log4j.LogManager - Applied camera category filter.
2025-04-16 16:19:22 [TestNG-PoolService-8] INFO  org.apache.logging.log4j.LogManager - Clicked on 'Register' link.
2025-04-16 16:19:22 [TestNG-PoolService-8] INFO  org.apache.logging.log4j.LogManager - Selected 'Male' gender.
2025-04-16 16:19:23 [TestNG-PoolService-8] INFO  org.apache.logging.log4j.LogManager - Entered registration details: First Name: Yuvaraj, Last Name: R, Email: test1744800562362@example.com, Password: 123456, Confirm Password: 123456
2025-04-16 16:19:23 [TestNG-PoolService-10] INFO  org.apache.logging.log4j.LogManager - Entered price range: Min=100, Max=500
2025-04-16 16:19:23 [TestNG-PoolService-4] INFO  org.apache.logging.log4j.LogManager - Clicked on 'Register' link.
2025-04-16 16:19:23 [TestNG-PoolService-4] INFO  org.apache.logging.log4j.LogManager - Selected 'Male' gender.
2025-04-16 16:19:24 [TestNG-PoolService-8] INFO  org.apache.logging.log4j.LogManager - Clicked on 'Register' button.
2025-04-16 16:19:24 [TestNG-PoolService-4] INFO  org.apache.logging.log4j.LogManager - Entered registration details: First Name: , Last Name: R, Email: yuv@gmail.com, Password: 123456, Confirm Password: 123456
2025-04-16 16:19:24 [TestNG-PoolService-4] INFO  org.apache.logging.log4j.LogManager - Clicked on 'Register' button.
2025-04-16 16:19:25 [TestNG-PoolService-6] INFO  org.apache.logging.log4j.LogManager - Clicked on 'Register' link.
2025-04-16 16:19:25 [TestNG-PoolService-6] INFO  org.apache.logging.log4j.LogManager - Selected 'Male' gender.
2025-04-16 16:19:25 [TestNG-PoolService-6] INFO  org.apache.logging.log4j.LogManager - Entered registration details: First Name: Yuvaraj, Last Name: , Email: yuv@gmail.com, Password: 123456, Confirm Password: 123456
2025-04-16 16:19:25 [TestNG-PoolService-6] INFO  org.apache.logging.log4j.LogManager - Clicked on 'Register' button.
2025-04-16 16:19:26 [TestNG-PoolService-7] INFO  org.apache.logging.log4j.LogManager - Clicked on 'Register' link.
2025-04-16 16:19:26 [TestNG-PoolService-7] INFO  org.apache.logging.log4j.LogManager - Selected 'Male' gender.
2025-04-16 16:19:26 [TestNG-PoolService-2] INFO  org.apache.logging.log4j.LogManager - Clicked on 'Register' link.
2025-04-16 16:19:26 [TestNG-PoolService-2] INFO  org.apache.logging.log4j.LogManager - Selected 'Male' gender.
2025-04-16 16:19:26 [TestNG-PoolService-7] INFO  org.apache.logging.log4j.LogManager - Entered registration details: First Name: Yuvaraj, Last Name: R, Email: , Password: 123456, Confirm Password: 123456
2025-04-16 16:19:26 [TestNG-PoolService-7] INFO  org.apache.logging.log4j.LogManager - Clicked on 'Register' button.
2025-04-16 16:19:27 [TestNG-PoolService-2] INFO  org.apache.logging.log4j.LogManager - Entered registration details: First Name: Yuvaraj, Last Name: R, Email: ghana@, Password: 123456, Confirm Password: 123456
2025-04-16 16:19:27 [TestNG-PoolService-2] INFO  org.apache.logging.log4j.LogManager - Clicked on 'Register' button.
2025-04-16 16:19:27 [TestNG-PoolService-1] INFO  org.apache.logging.log4j.LogManager - Clicked on 'Register' link.
2025-04-16 16:19:28 [TestNG-PoolService-1] INFO  org.apache.logging.log4j.LogManager - Selected 'Male' gender.
2025-04-16 16:19:28 [TestNG-PoolService-1] INFO  org.apache.logging.log4j.LogManager - Entered registration details: First Name: Yuvaraj, Last Name: R, Email: yuv@gmail.com, Password: 123456, Confirm Password: 
2025-04-16 16:19:28 [TestNG-PoolService-1] INFO  org.apache.logging.log4j.LogManager - Clicked on 'Register' button.
2025-04-16 16:19:30 [TestNG-PoolService-9] INFO  org.apache.logging.log4j.LogManager - Clicked on 'Register' link.
2025-04-16 16:19:30 [TestNG-PoolService-9] INFO  org.apache.logging.log4j.LogManager - Selected 'Male' gender.
2025-04-16 16:19:30 [TestNG-PoolService-9] INFO  org.apache.logging.log4j.LogManager - Entered registration details: First Name: Yuvaraj, Last Name: R, Email: yuv@gmail.com, Password: , Confirm Password: 123456
2025-04-16 16:19:31 [TestNG-PoolService-9] INFO  org.apache.logging.log4j.LogManager - Clicked on 'Register' button.
2025-04-16 16:40:11 [TestNG-PoolService-5] INFO  org.apache.logging.log4j.LogManager - Clicked on 'Register' link.
2025-04-16 16:40:11 [TestNG-PoolService-4] INFO  org.apache.logging.log4j.LogManager - Clicked on 'Register' link.
2025-04-16 16:40:11 [TestNG-PoolService-2] INFO  org.apache.logging.log4j.LogManager - Clicked on 'Register' link.
2025-04-16 16:40:11 [TestNG-PoolService-6] INFO  org.apache.logging.log4j.LogManager - Clicked on 'Register' link.
2025-04-16 16:40:11 [TestNG-PoolService-3] INFO  org.apache.logging.log4j.LogManager - Clicked on 'Register' link.
2025-04-16 16:40:11 [TestNG-PoolService-1] INFO  org.apache.logging.log4j.LogManager - Clicked on 'Register' link.
2025-04-16 16:40:11 [TestNG-PoolService-7] INFO  org.apache.logging.log4j.LogManager - Clicked on 'Register' link.
2025-04-16 16:40:12 [TestNG-PoolService-3] INFO  org.apache.logging.log4j.LogManager - Selected 'Male' gender.
2025-04-16 16:40:12 [TestNG-PoolService-4] INFO  org.apache.logging.log4j.LogManager - Selected 'Male' gender.
2025-04-16 16:40:12 [TestNG-PoolService-1] INFO  org.apache.logging.log4j.LogManager - Selected 'Male' gender.
2025-04-16 16:40:12 [TestNG-PoolService-2] INFO  org.apache.logging.log4j.LogManager - Selected 'Male' gender.
2025-04-16 16:40:12 [TestNG-PoolService-6] INFO  org.apache.logging.log4j.LogManager - Selected 'Male' gender.
2025-04-16 16:40:12 [TestNG-PoolService-5] INFO  org.apache.logging.log4j.LogManager - Selected 'Male' gender.
2025-04-16 16:40:12 [TestNG-PoolService-7] INFO  org.apache.logging.log4j.LogManager - Selected 'Male' gender.
2025-04-16 16:40:12 [TestNG-PoolService-6] INFO  org.apache.logging.log4j.LogManager - Entered registration details: First Name: Yuvaraj, Last Name: R, Email: yuv@gmail.com, Password: , Confirm Password: 123456
2025-04-16 16:40:12 [TestNG-PoolService-7] INFO  org.apache.logging.log4j.LogManager - Entered registration details: First Name: Yuvaraj, Last Name: R, Email: yuv@gmail.com, Password: 123456, Confirm Password: 
2025-04-16 16:40:12 [TestNG-PoolService-4] INFO  org.apache.logging.log4j.LogManager - Entered registration details: First Name: Yuvaraj, Last Name: , Email: yuv@gmail.com, Password: 123456, Confirm Password: 123456
2025-04-16 16:40:12 [TestNG-PoolService-1] INFO  org.apache.logging.log4j.LogManager - Entered registration details: First Name: Yuvaraj, Last Name: R, Email: test1744801812068@example.com, Password: 123456, Confirm Password: 123456
2025-04-16 16:40:12 [TestNG-PoolService-2] INFO  org.apache.logging.log4j.LogManager - Entered registration details: First Name: Yuvaraj, Last Name: R, Email: ghana@, Password: 123456, Confirm Password: 123456
2025-04-16 16:40:12 [TestNG-PoolService-3] INFO  org.apache.logging.log4j.LogManager - Entered registration details: First Name: , Last Name: R, Email: yuv@gmail.com, Password: 123456, Confirm Password: 123456
2025-04-16 16:40:12 [TestNG-PoolService-5] INFO  org.apache.logging.log4j.LogManager - Entered registration details: First Name: Yuvaraj, Last Name: R, Email: , Password: 123456, Confirm Password: 123456
2025-04-16 16:40:13 [TestNG-PoolService-7] INFO  org.apache.logging.log4j.LogManager - Clicked on 'Register' button.
2025-04-16 16:40:13 [TestNG-PoolService-4] INFO  org.apache.logging.log4j.LogManager - Clicked on 'Register' button.
2025-04-16 16:40:13 [TestNG-PoolService-6] INFO  org.apache.logging.log4j.LogManager - Clicked on 'Register' button.
2025-04-16 16:40:13 [TestNG-PoolService-2] INFO  org.apache.logging.log4j.LogManager - Clicked on 'Register' button.
2025-04-16 16:40:13 [TestNG-PoolService-3] INFO  org.apache.logging.log4j.LogManager - Clicked on 'Register' button.
2025-04-16 16:40:13 [TestNG-PoolService-5] INFO  org.apache.logging.log4j.LogManager - Clicked on 'Register' button.
2025-04-16 16:40:15 [TestNG-PoolService-1] INFO  org.apache.logging.log4j.LogManager - Clicked on 'Register' button.
